2025-07-29 14:02:57 [restartedMain] INFO  s.e.n.i.c.CommonQueueBackendApplication - Starting CommonQueueBackendApplication using Java 21.0.7 with PID 25920 (C:\commonQueueProject\commonQueue\backend\target\classes started by P1366955 in C:\commonQueueProject\commonQueue\backend)
2025-07-29 14:02:57 [restartedMain] INFO  s.e.n.i.c.CommonQueueBackendApplication - No active profile set, falling back to 1 default profile: "default"
2025-07-29 14:02:57 [restartedMain] INFO  o.s.b.d.e.DevToolsPropertyDefaultsPostProcessor - Devtools property defaults active! Set 'spring.devtools.add-properties' to 'false' to disable
2025-07-29 14:02:57 [restartedMain] INFO  o.s.b.d.e.DevToolsPropertyDefaultsPostProcessor - For additional web related logging consider setting the 'logging.level.web' property to 'DEBUG'
2025-07-29 14:02:58 [restartedMain] INFO  o.s.d.r.c.RepositoryConfigurationDelegate - Bootstrapping Spring Data JPA repositories in DEFAULT mode.
2025-07-29 14:02:58 [restartedMain] INFO  o.s.d.r.c.RepositoryConfigurationDelegate - Finished Spring Data repository scanning in 98 ms. Found 7 JPA repository interfaces.
2025-07-29 14:02:59 [restartedMain] INFO  o.s.b.w.e.tomcat.TomcatWebServer - Tomcat initialized with port 8080 (http)
2025-07-29 14:02:59 [restartedMain] INFO  o.a.catalina.core.StandardService - Starting service [Tomcat]
2025-07-29 14:02:59 [restartedMain] INFO  o.a.catalina.core.StandardEngine - Starting Servlet engine: [Apache Tomcat/10.1.16]
2025-07-29 14:02:59 [restartedMain] INFO  o.a.c.c.C.[.[localhost].[/api] - Initializing Spring embedded WebApplicationContext
2025-07-29 14:02:59 [restartedMain] INFO  o.s.b.w.s.c.ServletWebServerApplicationContext - Root WebApplicationContext: initialization completed in 1858 ms
2025-07-29 14:02:59 [restartedMain] INFO  o.h.jpa.internal.util.LogHelper - HHH000204: Processing PersistenceUnitInfo [name: default]
2025-07-29 14:02:59 [restartedMain] INFO  org.hibernate.Version - HHH000412: Hibernate ORM core version 6.3.1.Final
2025-07-29 14:02:59 [restartedMain] INFO  o.h.c.i.RegionFactoryInitiator - HHH000026: Second-level cache disabled
2025-07-29 14:03:00 [restartedMain] INFO  o.s.o.j.p.SpringPersistenceUnitInfo - No LoadTimeWeaver setup: ignoring JPA class transformer
2025-07-29 14:03:00 [restartedMain] INFO  com.zaxxer.hikari.HikariDataSource - HikariPool-1 - Starting...
2025-07-29 14:03:00 [restartedMain] INFO  com.zaxxer.hikari.pool.HikariPool - HikariPool-1 - Added connection com.mysql.cj.jdbc.ConnectionImpl@42b0e219
2025-07-29 14:03:00 [restartedMain] INFO  com.zaxxer.hikari.HikariDataSource - HikariPool-1 - Start completed.
2025-07-29 14:03:00 [restartedMain] WARN  org.hibernate.orm.deprecation - HHH90000025: MySQL8Dialect does not need to be specified explicitly using 'hibernate.dialect' (remove the property setting and it will be selected by default)
2025-07-29 14:03:00 [restartedMain] WARN  org.hibernate.orm.deprecation - HHH90000026: MySQL8Dialect has been deprecated; use org.hibernate.dialect.MySQLDialect instead
2025-07-29 14:03:02 [restartedMain] INFO  o.h.e.t.j.p.i.JtaPlatformInitiator - HHH000489: No JTA platform available (set 'hibernate.transaction.jta.platform' to enable JTA platform integration)
2025-07-29 14:03:02 [restartedMain] INFO  o.s.o.j.LocalContainerEntityManagerFactoryBean - Initialized JPA EntityManagerFactory for persistence unit 'default'
2025-07-29 14:03:03 [restartedMain] INFO  o.s.d.j.r.query.QueryEnhancerFactory - Hibernate is in classpath; If applicable, HQL parser will be used.
2025-07-29 14:03:05 [restartedMain] WARN  o.s.b.a.o.j.JpaBaseConfiguration$JpaWebConfiguration - spring.jpa.open-in-view is enabled by default. Therefore, database queries may be performed during view rendering. Explicitly configure spring.jpa.open-in-view to disable this warning
2025-07-29 14:03:05 [restartedMain] INFO  o.s.b.a.w.s.WelcomePageHandlerMapping - Adding welcome page template: index
2025-07-29 14:03:05 [restartedMain] INFO  o.s.s.web.DefaultSecurityFilterChain - Will secure any request with [org.springframework.security.web.session.DisableEncodeUrlFilter@1ac8c0df, org.springframework.security.web.context.request.async.WebAsyncManagerIntegrationFilter@4e674ab, org.springframework.security.web.context.SecurityContextHolderFilter@29c8ed54, org.springframework.security.web.header.HeaderWriterFilter@71b4d660, org.springframework.web.filter.CorsFilter@3b6512ef, org.springframework.security.web.authentication.logout.LogoutFilter@5a8b4913, org.springframework.security.web.authentication.UsernamePasswordAuthenticationFilter@79e8da92, org.springframework.security.web.authentication.ui.DefaultLoginPageGeneratingFilter@5fd113b5, org.springframework.security.web.authentication.ui.DefaultLogoutPageGeneratingFilter@5ef2b5bd, org.springframework.security.web.savedrequest.RequestCacheAwareFilter@3bba0eea, org.springframework.security.web.servletapi.SecurityContextHolderAwareRequestFilter@6c03aedc, org.springframework.security.web.authentication.AnonymousAuthenticationFilter@2604884, org.springframework.security.web.access.ExceptionTranslationFilter@6d535b0d, org.springframework.security.web.access.intercept.AuthorizationFilter@5409572a]
2025-07-29 14:03:06 [restartedMain] INFO  o.s.b.d.a.OptionalLiveReloadServer - LiveReload server is running on port 35729
2025-07-29 14:03:06 [restartedMain] INFO  o.s.b.w.e.tomcat.TomcatWebServer - Tomcat started on port 8080 (http) with context path '/api'
2025-07-29 14:03:06 [restartedMain] INFO  s.e.n.i.c.CommonQueueBackendApplication - Started CommonQueueBackendApplication in 9.413 seconds (process running for 10.398)
2025-07-29 14:03:36 [http-nio-8080-exec-1] INFO  o.a.c.c.C.[.[localhost].[/api] - Initializing Spring DispatcherServlet 'dispatcherServlet'
2025-07-29 14:03:36 [http-nio-8080-exec-1] INFO  o.s.web.servlet.DispatcherServlet - Initializing Servlet 'dispatcherServlet'
2025-07-29 14:03:36 [http-nio-8080-exec-1] INFO  o.s.web.servlet.DispatcherServlet - Completed initialization in 0 ms
2025-07-29 14:03:36 [http-nio-8080-exec-1] DEBUG o.s.security.web.FilterChainProxy - Securing OPTIONS /businesses
2025-07-29 14:03:36 [http-nio-8080-exec-1] WARN  o.s.w.s.h.HandlerMappingIntrospector - Cache miss for REQUEST dispatch to '/api/businesses' (previous null). Performing CorsConfiguration lookup. This is logged once only at WARN level, and every time at TRACE.
2025-07-29 14:04:12 [http-nio-8080-exec-2] DEBUG o.s.security.web.FilterChainProxy - Securing OPTIONS /auth/login
2025-07-29 14:04:52 [http-nio-8080-exec-4] DEBUG o.s.security.web.FilterChainProxy - Securing GET /
2025-07-29 14:04:52 [http-nio-8080-exec-4] WARN  o.s.w.s.h.HandlerMappingIntrospector - Cache miss for REQUEST dispatch to '/api/' (previous null). Performing MatchableHandlerMapping lookup. This is logged once only at WARN level, and every time at TRACE.
2025-07-29 14:04:52 [http-nio-8080-exec-4] DEBUG o.s.s.w.a.AnonymousAuthenticationFilter - Set SecurityContextHolder to anonymous SecurityContext
2025-07-29 14:04:52 [http-nio-8080-exec-4] DEBUG o.s.s.w.s.HttpSessionRequestCache - Saved request http://localhost:8080/api/?continue to session
2025-07-29 14:04:52 [http-nio-8080-exec-4] DEBUG o.s.s.web.DefaultRedirectStrategy - Redirecting to http://localhost:8080/api/login
2025-07-29 14:04:52 [http-nio-8080-exec-5] DEBUG o.s.security.web.FilterChainProxy - Securing GET /login
2025-07-29 14:05:01 [http-nio-8080-exec-6] DEBUG o.s.security.web.FilterChainProxy - Securing OPTIONS /businesses
2025-07-29 14:09:25 [SpringApplicationShutdownHook] INFO  o.s.o.j.LocalContainerEntityManagerFactoryBean - Closing JPA EntityManagerFactory for persistence unit 'default'
2025-07-29 14:09:25 [SpringApplicationShutdownHook] INFO  com.zaxxer.hikari.HikariDataSource - HikariPool-1 - Shutdown initiated...
2025-07-29 14:09:25 [SpringApplicationShutdownHook] INFO  com.zaxxer.hikari.HikariDataSource - HikariPool-1 - Shutdown completed.
2025-07-29 14:10:52 [restartedMain] INFO  s.e.n.i.c.CommonQueueBackendApplication - Starting CommonQueueBackendApplication using Java 21.0.7 with PID 30188 (C:\commonQueueProject\commonQueue\backend\target\classes started by P1366955 in C:\commonQueueProject\commonQueue\backend)
2025-07-29 14:10:52 [restartedMain] INFO  s.e.n.i.c.CommonQueueBackendApplication - No active profile set, falling back to 1 default profile: "default"
2025-07-29 14:10:52 [restartedMain] INFO  o.s.b.d.e.DevToolsPropertyDefaultsPostProcessor - Devtools property defaults active! Set 'spring.devtools.add-properties' to 'false' to disable
2025-07-29 14:10:52 [restartedMain] INFO  o.s.b.d.e.DevToolsPropertyDefaultsPostProcessor - For additional web related logging consider setting the 'logging.level.web' property to 'DEBUG'
2025-07-29 14:10:53 [restartedMain] INFO  o.s.d.r.c.RepositoryConfigurationDelegate - Bootstrapping Spring Data JPA repositories in DEFAULT mode.
2025-07-29 14:10:53 [restartedMain] INFO  o.s.d.r.c.RepositoryConfigurationDelegate - Finished Spring Data repository scanning in 96 ms. Found 7 JPA repository interfaces.
2025-07-29 14:10:54 [restartedMain] INFO  o.s.b.w.e.tomcat.TomcatWebServer - Tomcat initialized with port 8080 (http)
2025-07-29 14:10:54 [restartedMain] INFO  o.a.catalina.core.StandardService - Starting service [Tomcat]
2025-07-29 14:10:54 [restartedMain] INFO  o.a.catalina.core.StandardEngine - Starting Servlet engine: [Apache Tomcat/10.1.16]
2025-07-29 14:10:54 [restartedMain] INFO  o.a.c.c.C.[.[localhost].[/api] - Initializing Spring embedded WebApplicationContext
2025-07-29 14:10:54 [restartedMain] INFO  o.s.b.w.s.c.ServletWebServerApplicationContext - Root WebApplicationContext: initialization completed in 1950 ms
2025-07-29 14:10:54 [restartedMain] INFO  o.h.jpa.internal.util.LogHelper - HHH000204: Processing PersistenceUnitInfo [name: default]
2025-07-29 14:10:55 [restartedMain] INFO  org.hibernate.Version - HHH000412: Hibernate ORM core version 6.3.1.Final
2025-07-29 14:10:55 [restartedMain] INFO  o.h.c.i.RegionFactoryInitiator - HHH000026: Second-level cache disabled
2025-07-29 14:10:55 [restartedMain] INFO  o.s.o.j.p.SpringPersistenceUnitInfo - No LoadTimeWeaver setup: ignoring JPA class transformer
2025-07-29 14:10:55 [restartedMain] INFO  com.zaxxer.hikari.HikariDataSource - HikariPool-1 - Starting...
2025-07-29 14:10:55 [restartedMain] INFO  com.zaxxer.hikari.pool.HikariPool - HikariPool-1 - Added connection com.mysql.cj.jdbc.ConnectionImpl@63f50b
2025-07-29 14:10:55 [restartedMain] INFO  com.zaxxer.hikari.HikariDataSource - HikariPool-1 - Start completed.
2025-07-29 14:10:55 [restartedMain] WARN  org.hibernate.orm.deprecation - HHH90000025: MySQL8Dialect does not need to be specified explicitly using 'hibernate.dialect' (remove the property setting and it will be selected by default)
2025-07-29 14:10:55 [restartedMain] WARN  org.hibernate.orm.deprecation - HHH90000026: MySQL8Dialect has been deprecated; use org.hibernate.dialect.MySQLDialect instead
2025-07-29 14:10:56 [restartedMain] INFO  o.h.e.t.j.p.i.JtaPlatformInitiator - HHH000489: No JTA platform available (set 'hibernate.transaction.jta.platform' to enable JTA platform integration)
2025-07-29 14:10:56 [restartedMain] INFO  o.s.o.j.LocalContainerEntityManagerFactoryBean - Initialized JPA EntityManagerFactory for persistence unit 'default'
2025-07-29 14:10:57 [restartedMain] INFO  o.s.d.j.r.query.QueryEnhancerFactory - Hibernate is in classpath; If applicable, HQL parser will be used.
2025-07-29 14:10:58 [restartedMain] WARN  o.s.b.a.o.j.JpaBaseConfiguration$JpaWebConfiguration - spring.jpa.open-in-view is enabled by default. Therefore, database queries may be performed during view rendering. Explicitly configure spring.jpa.open-in-view to disable this warning
2025-07-29 14:10:58 [restartedMain] INFO  o.s.b.a.w.s.WelcomePageHandlerMapping - Adding welcome page template: index
2025-07-29 14:10:58 [restartedMain] INFO  o.s.s.web.DefaultSecurityFilterChain - Will secure any request with [org.springframework.security.web.session.DisableEncodeUrlFilter@3423a02a, org.springframework.security.web.context.request.async.WebAsyncManagerIntegrationFilter@8909884, org.springframework.security.web.context.SecurityContextHolderFilter@59f05980, org.springframework.security.web.header.HeaderWriterFilter@79a3c829, org.springframework.web.filter.CorsFilter@62f0eb1f, org.springframework.security.web.authentication.logout.LogoutFilter@be2d9c5, org.springframework.security.web.authentication.UsernamePasswordAuthenticationFilter@7a8072a4, org.springframework.security.web.authentication.ui.DefaultLoginPageGeneratingFilter@313fefc2, org.springframework.security.web.authentication.ui.DefaultLogoutPageGeneratingFilter@507e0df2, org.springframework.security.web.savedrequest.RequestCacheAwareFilter@5037716, org.springframework.security.web.servletapi.SecurityContextHolderAwareRequestFilter@3b5cbd5, org.springframework.security.web.authentication.AnonymousAuthenticationFilter@7975c527, org.springframework.security.web.access.ExceptionTranslationFilter@ab2139a, org.springframework.security.web.access.intercept.AuthorizationFilter@34ef8ca1]
2025-07-29 14:10:59 [restartedMain] INFO  o.s.b.d.a.OptionalLiveReloadServer - LiveReload server is running on port 35729
2025-07-29 14:10:59 [restartedMain] INFO  o.s.b.w.e.tomcat.TomcatWebServer - Tomcat started on port 8080 (http) with context path '/api'
2025-07-29 14:10:59 [restartedMain] INFO  s.e.n.i.c.CommonQueueBackendApplication - Started CommonQueueBackendApplication in 7.149 seconds (process running for 7.836)
2025-07-29 14:11:13 [http-nio-8080-exec-1] INFO  o.a.c.c.C.[.[localhost].[/api] - Initializing Spring DispatcherServlet 'dispatcherServlet'
2025-07-29 14:11:13 [http-nio-8080-exec-1] INFO  o.s.web.servlet.DispatcherServlet - Initializing Servlet 'dispatcherServlet'
2025-07-29 14:11:13 [http-nio-8080-exec-1] INFO  o.s.web.servlet.DispatcherServlet - Completed initialization in 0 ms
2025-07-29 14:11:13 [http-nio-8080-exec-1] DEBUG o.s.security.web.FilterChainProxy - Securing OPTIONS /businesses
2025-07-29 14:11:13 [http-nio-8080-exec-1] WARN  o.s.w.s.h.HandlerMappingIntrospector - Cache miss for REQUEST dispatch to '/api/businesses' (previous null). Performing CorsConfiguration lookup. This is logged once only at WARN level, and every time at TRACE.
2025-07-29 14:11:13 [http-nio-8080-exec-4] DEBUG o.s.security.web.FilterChainProxy - Securing GET /businesses
2025-07-29 14:11:13 [http-nio-8080-exec-4] WARN  o.s.w.s.h.HandlerMappingIntrospector - Cache miss for REQUEST dispatch to '/api/businesses' (previous null). Performing MatchableHandlerMapping lookup. This is logged once only at WARN level, and every time at TRACE.
2025-07-29 14:11:13 [http-nio-8080-exec-4] DEBUG o.s.s.w.a.AnonymousAuthenticationFilter - Set SecurityContextHolder to anonymous SecurityContext
2025-07-29 14:11:13 [http-nio-8080-exec-4] DEBUG o.s.s.web.DefaultRedirectStrategy - Redirecting to http://localhost:8080/api/login
2025-07-29 14:11:13 [http-nio-8080-exec-2] DEBUG o.s.security.web.FilterChainProxy - Securing OPTIONS /login
2025-07-29 14:11:23 [http-nio-8080-exec-3] DEBUG o.s.security.web.FilterChainProxy - Securing GET /businesses
2025-07-29 14:11:23 [http-nio-8080-exec-3] DEBUG o.s.s.w.a.AnonymousAuthenticationFilter - Set SecurityContextHolder to anonymous SecurityContext
2025-07-29 14:11:23 [http-nio-8080-exec-3] DEBUG o.s.s.web.DefaultRedirectStrategy - Redirecting to http://localhost:8080/api/login
2025-07-29 14:11:23 [http-nio-8080-exec-6] DEBUG o.s.security.web.FilterChainProxy - Securing OPTIONS /login
2025-07-29 14:16:03 [SpringApplicationShutdownHook] INFO  o.s.o.j.LocalContainerEntityManagerFactoryBean - Closing JPA EntityManagerFactory for persistence unit 'default'
2025-07-29 14:16:03 [SpringApplicationShutdownHook] INFO  com.zaxxer.hikari.HikariDataSource - HikariPool-1 - Shutdown initiated...
2025-07-29 14:16:03 [SpringApplicationShutdownHook] INFO  com.zaxxer.hikari.HikariDataSource - HikariPool-1 - Shutdown completed.
2025-07-29 14:16:19 [restartedMain] INFO  s.e.n.i.c.CommonQueueBackendApplication - Starting CommonQueueBackendApplication using Java 21.0.7 with PID 22688 (C:\commonQueueProject\commonQueue\backend\target\classes started by P1366955 in C:\commonQueueProject\commonQueue\backend)
2025-07-29 14:16:19 [restartedMain] INFO  s.e.n.i.c.CommonQueueBackendApplication - No active profile set, falling back to 1 default profile: "default"
2025-07-29 14:16:19 [restartedMain] INFO  o.s.b.d.e.DevToolsPropertyDefaultsPostProcessor - Devtools property defaults active! Set 'spring.devtools.add-properties' to 'false' to disable
2025-07-29 14:16:19 [restartedMain] INFO  o.s.b.d.e.DevToolsPropertyDefaultsPostProcessor - For additional web related logging consider setting the 'logging.level.web' property to 'DEBUG'
2025-07-29 14:16:20 [restartedMain] INFO  o.s.d.r.c.RepositoryConfigurationDelegate - Bootstrapping Spring Data JPA repositories in DEFAULT mode.
2025-07-29 14:16:20 [restartedMain] INFO  o.s.d.r.c.RepositoryConfigurationDelegate - Finished Spring Data repository scanning in 89 ms. Found 7 JPA repository interfaces.
2025-07-29 14:16:21 [restartedMain] INFO  o.s.b.w.e.tomcat.TomcatWebServer - Tomcat initialized with port 8080 (http)
2025-07-29 14:16:21 [restartedMain] INFO  o.a.catalina.core.StandardService - Starting service [Tomcat]
2025-07-29 14:16:21 [restartedMain] INFO  o.a.catalina.core.StandardEngine - Starting Servlet engine: [Apache Tomcat/10.1.16]
2025-07-29 14:16:21 [restartedMain] INFO  o.a.c.c.C.[.[localhost].[/api] - Initializing Spring embedded WebApplicationContext
2025-07-29 14:16:21 [restartedMain] INFO  o.s.b.w.s.c.ServletWebServerApplicationContext - Root WebApplicationContext: initialization completed in 1788 ms
2025-07-29 14:16:21 [restartedMain] INFO  o.h.jpa.internal.util.LogHelper - HHH000204: Processing PersistenceUnitInfo [name: default]
2025-07-29 14:16:21 [restartedMain] INFO  org.hibernate.Version - HHH000412: Hibernate ORM core version 6.3.1.Final
2025-07-29 14:16:21 [restartedMain] INFO  o.h.c.i.RegionFactoryInitiator - HHH000026: Second-level cache disabled
2025-07-29 14:16:21 [restartedMain] INFO  o.s.o.j.p.SpringPersistenceUnitInfo - No LoadTimeWeaver setup: ignoring JPA class transformer
2025-07-29 14:16:21 [restartedMain] INFO  com.zaxxer.hikari.HikariDataSource - HikariPool-1 - Starting...
2025-07-29 14:16:22 [restartedMain] INFO  com.zaxxer.hikari.pool.HikariPool - HikariPool-1 - Added connection com.mysql.cj.jdbc.ConnectionImpl@6ee1ae5a
2025-07-29 14:16:22 [restartedMain] INFO  com.zaxxer.hikari.HikariDataSource - HikariPool-1 - Start completed.
2025-07-29 14:16:22 [restartedMain] WARN  org.hibernate.orm.deprecation - HHH90000025: MySQL8Dialect does not need to be specified explicitly using 'hibernate.dialect' (remove the property setting and it will be selected by default)
2025-07-29 14:16:22 [restartedMain] WARN  org.hibernate.orm.deprecation - HHH90000026: MySQL8Dialect has been deprecated; use org.hibernate.dialect.MySQLDialect instead
2025-07-29 14:16:23 [restartedMain] INFO  o.h.e.t.j.p.i.JtaPlatformInitiator - HHH000489: No JTA platform available (set 'hibernate.transaction.jta.platform' to enable JTA platform integration)
2025-07-29 14:16:23 [restartedMain] INFO  o.s.o.j.LocalContainerEntityManagerFactoryBean - Initialized JPA EntityManagerFactory for persistence unit 'default'
2025-07-29 14:16:23 [restartedMain] INFO  o.s.d.j.r.query.QueryEnhancerFactory - Hibernate is in classpath; If applicable, HQL parser will be used.
2025-07-29 14:16:24 [restartedMain] WARN  o.s.b.a.o.j.JpaBaseConfiguration$JpaWebConfiguration - spring.jpa.open-in-view is enabled by default. Therefore, database queries may be performed during view rendering. Explicitly configure spring.jpa.open-in-view to disable this warning
2025-07-29 14:16:24 [restartedMain] INFO  o.s.b.a.w.s.WelcomePageHandlerMapping - Adding welcome page template: index
2025-07-29 14:16:24 [restartedMain] INFO  o.s.s.web.DefaultSecurityFilterChain - Will secure any request with [org.springframework.security.web.session.DisableEncodeUrlFilter@7e09ed37, org.springframework.security.web.context.request.async.WebAsyncManagerIntegrationFilter@58bc4769, org.springframework.security.web.context.SecurityContextHolderFilter@6c955f5b, org.springframework.security.web.header.HeaderWriterFilter@be2d9c5, org.springframework.web.filter.CorsFilter@4ab8afc9, org.springframework.security.web.authentication.logout.LogoutFilter@6fb2347b, org.springframework.security.web.authentication.UsernamePasswordAuthenticationFilter@4ca583f4, org.springframework.security.web.authentication.ui.DefaultLoginPageGeneratingFilter@1d27e963, org.springframework.security.web.authentication.ui.DefaultLogoutPageGeneratingFilter@55c4f9cd, org.springframework.security.web.savedrequest.RequestCacheAwareFilter@4e346d0e, org.springframework.security.web.servletapi.SecurityContextHolderAwareRequestFilter@6abd43f2, org.springframework.security.web.authentication.AnonymousAuthenticationFilter@6415d617, org.springframework.security.web.access.ExceptionTranslationFilter@26b8c2e0, org.springframework.security.web.access.intercept.AuthorizationFilter@72cda733]
2025-07-29 14:16:25 [restartedMain] INFO  o.s.b.d.a.OptionalLiveReloadServer - LiveReload server is running on port 35729
2025-07-29 14:16:25 [restartedMain] INFO  o.s.b.w.e.tomcat.TomcatWebServer - Tomcat started on port 8080 (http) with context path '/api'
2025-07-29 14:16:25 [restartedMain] INFO  s.e.n.i.c.CommonQueueBackendApplication - Started CommonQueueBackendApplication in 6.499 seconds (process running for 7.104)
2025-07-29 14:16:31 [http-nio-8080-exec-1] INFO  o.a.c.c.C.[.[localhost].[/api] - Initializing Spring DispatcherServlet 'dispatcherServlet'
2025-07-29 14:16:31 [http-nio-8080-exec-1] INFO  o.s.web.servlet.DispatcherServlet - Initializing Servlet 'dispatcherServlet'
2025-07-29 14:16:31 [http-nio-8080-exec-1] INFO  o.s.web.servlet.DispatcherServlet - Completed initialization in 1 ms
2025-07-29 14:16:31 [http-nio-8080-exec-1] DEBUG o.s.security.web.FilterChainProxy - Securing GET /businesses
2025-07-29 14:16:31 [http-nio-8080-exec-1] WARN  o.s.w.s.h.HandlerMappingIntrospector - Cache miss for REQUEST dispatch to '/api/businesses' (previous null). Performing MatchableHandlerMapping lookup. This is logged once only at WARN level, and every time at TRACE.
2025-07-29 14:16:31 [http-nio-8080-exec-1] DEBUG o.s.security.web.FilterChainProxy - Secured GET /businesses
2025-07-29 14:16:31 [http-nio-8080-exec-1] DEBUG o.s.s.w.a.AnonymousAuthenticationFilter - Set SecurityContextHolder to anonymous SecurityContext
2025-07-29 14:16:46 [http-nio-8080-exec-3] DEBUG o.s.security.web.FilterChainProxy - Securing OPTIONS /businesses/3
2025-07-29 14:16:46 [http-nio-8080-exec-4] DEBUG o.s.security.web.FilterChainProxy - Securing GET /businesses/3
2025-07-29 14:16:46 [http-nio-8080-exec-4] DEBUG o.s.security.web.FilterChainProxy - Secured GET /businesses/3
2025-07-29 14:16:46 [http-nio-8080-exec-4] DEBUG o.s.s.w.a.AnonymousAuthenticationFilter - Set SecurityContextHolder to anonymous SecurityContext
2025-07-29 14:16:46 [http-nio-8080-exec-5] DEBUG o.s.security.web.FilterChainProxy - Securing OPTIONS /queues/public/3
2025-07-29 14:16:46 [http-nio-8080-exec-6] DEBUG o.s.security.web.FilterChainProxy - Securing GET /queues/public/3
2025-07-29 14:16:46 [http-nio-8080-exec-6] DEBUG o.s.security.web.FilterChainProxy - Secured GET /queues/public/3
2025-07-29 14:16:46 [http-nio-8080-exec-6] DEBUG o.s.s.w.a.AnonymousAuthenticationFilter - Set SecurityContextHolder to anonymous SecurityContext
2025-07-29 14:17:04 [http-nio-8080-exec-7] DEBUG o.s.security.web.FilterChainProxy - Securing OPTIONS /customers/register
2025-07-29 14:17:04 [http-nio-8080-exec-8] DEBUG o.s.security.web.FilterChainProxy - Securing POST /customers/register
2025-07-29 14:17:04 [http-nio-8080-exec-8] DEBUG o.s.security.web.FilterChainProxy - Secured POST /customers/register
2025-07-29 14:17:05 [http-nio-8080-exec-8] DEBUG o.s.s.w.a.AnonymousAuthenticationFilter - Set SecurityContextHolder to anonymous SecurityContext
2025-07-29 14:17:05 [http-nio-8080-exec-9] DEBUG o.s.security.web.FilterChainProxy - Securing OPTIONS /queues/7/join
2025-07-29 14:17:05 [http-nio-8080-exec-10] DEBUG o.s.security.web.FilterChainProxy - Securing POST /queues/7/join
2025-07-29 14:17:05 [http-nio-8080-exec-10] DEBUG o.s.security.web.FilterChainProxy - Secured POST /queues/7/join
2025-07-29 14:17:05 [http-nio-8080-exec-10] DEBUG o.s.s.w.a.AnonymousAuthenticationFilter - Set SecurityContextHolder to anonymous SecurityContext
2025-07-29 14:17:05 [http-nio-8080-exec-1] DEBUG o.s.security.web.FilterChainProxy - Securing OPTIONS /queues/7/status
2025-07-29 14:17:05 [http-nio-8080-exec-2] DEBUG o.s.security.web.FilterChainProxy - Securing GET /queues/7/status
2025-07-29 14:17:05 [http-nio-8080-exec-2] DEBUG o.s.security.web.FilterChainProxy - Secured GET /queues/7/status
2025-07-29 14:17:05 [http-nio-8080-exec-2] DEBUG o.s.s.w.a.AnonymousAuthenticationFilter - Set SecurityContextHolder to anonymous SecurityContext
2025-07-29 14:17:15 [http-nio-8080-exec-3] DEBUG o.s.security.web.FilterChainProxy - Securing OPTIONS /queues/7/status
2025-07-29 14:17:15 [http-nio-8080-exec-4] DEBUG o.s.security.web.FilterChainProxy - Securing GET /queues/7/status
2025-07-29 14:17:15 [http-nio-8080-exec-4] DEBUG o.s.security.web.FilterChainProxy - Secured GET /queues/7/status
2025-07-29 14:17:15 [http-nio-8080-exec-4] DEBUG o.s.s.w.a.AnonymousAuthenticationFilter - Set SecurityContextHolder to anonymous SecurityContext
2025-07-29 14:18:08 [http-nio-8080-exec-6] DEBUG o.s.security.web.FilterChainProxy - Securing OPTIONS /auth/login
2025-07-29 14:18:08 [http-nio-8080-exec-7] DEBUG o.s.security.web.FilterChainProxy - Securing POST /auth/login
2025-07-29 14:18:08 [http-nio-8080-exec-7] DEBUG o.s.s.w.a.AnonymousAuthenticationFilter - Set SecurityContextHolder to anonymous SecurityContext
2025-07-29 14:18:08 [http-nio-8080-exec-7] DEBUG o.s.s.web.DefaultRedirectStrategy - Redirecting to http://localhost:8080/api/login
2025-07-29 14:18:08 [http-nio-8080-exec-8] DEBUG o.s.security.web.FilterChainProxy - Securing GET /login
2025-07-29 14:18:13 [http-nio-8080-exec-9] DEBUG o.s.security.web.FilterChainProxy - Securing OPTIONS /auth/login
2025-07-29 14:18:13 [http-nio-8080-exec-10] DEBUG o.s.security.web.FilterChainProxy - Securing POST /auth/login
2025-07-29 14:18:13 [http-nio-8080-exec-10] DEBUG o.s.s.w.a.AnonymousAuthenticationFilter - Set SecurityContextHolder to anonymous SecurityContext
2025-07-29 14:18:13 [http-nio-8080-exec-10] DEBUG o.s.s.web.DefaultRedirectStrategy - Redirecting to http://localhost:8080/api/login
2025-07-29 14:18:13 [http-nio-8080-exec-1] DEBUG o.s.security.web.FilterChainProxy - Securing GET /login
2025-07-29 14:18:52 [http-nio-8080-exec-2] DEBUG o.s.security.web.FilterChainProxy - Securing OPTIONS /auth/login
2025-07-29 14:18:52 [http-nio-8080-exec-3] DEBUG o.s.security.web.FilterChainProxy - Securing POST /auth/login
2025-07-29 14:18:52 [http-nio-8080-exec-3] DEBUG o.s.s.w.a.AnonymousAuthenticationFilter - Set SecurityContextHolder to anonymous SecurityContext
2025-07-29 14:18:52 [http-nio-8080-exec-3] DEBUG o.s.s.web.DefaultRedirectStrategy - Redirecting to http://localhost:8080/api/login
2025-07-29 14:18:52 [http-nio-8080-exec-4] DEBUG o.s.security.web.FilterChainProxy - Securing GET /login
2025-07-29 14:19:12 [http-nio-8080-exec-5] DEBUG o.s.security.web.FilterChainProxy - Securing OPTIONS /auth/login
2025-07-29 14:19:12 [http-nio-8080-exec-6] DEBUG o.s.security.web.FilterChainProxy - Securing POST /auth/login
2025-07-29 14:19:12 [http-nio-8080-exec-6] DEBUG o.s.s.w.a.AnonymousAuthenticationFilter - Set SecurityContextHolder to anonymous SecurityContext
2025-07-29 14:19:12 [http-nio-8080-exec-6] DEBUG o.s.s.web.DefaultRedirectStrategy - Redirecting to http://localhost:8080/api/login
2025-07-29 14:19:12 [http-nio-8080-exec-7] DEBUG o.s.security.web.FilterChainProxy - Securing GET /login
2025-07-29 14:19:50 [http-nio-8080-exec-8] DEBUG o.s.security.web.FilterChainProxy - Securing OPTIONS /auth/login
2025-07-29 14:19:50 [http-nio-8080-exec-9] DEBUG o.s.security.web.FilterChainProxy - Securing POST /auth/login
2025-07-29 14:19:50 [http-nio-8080-exec-9] DEBUG o.s.s.w.a.AnonymousAuthenticationFilter - Set SecurityContextHolder to anonymous SecurityContext
2025-07-29 14:19:50 [http-nio-8080-exec-9] DEBUG o.s.s.web.DefaultRedirectStrategy - Redirecting to http://localhost:8080/api/login
2025-07-29 14:19:50 [http-nio-8080-exec-10] DEBUG o.s.security.web.FilterChainProxy - Securing GET /login
2025-07-29 14:20:13 [http-nio-8080-exec-1] DEBUG o.s.security.web.FilterChainProxy - Securing OPTIONS /auth/login
2025-07-29 14:20:13 [http-nio-8080-exec-2] DEBUG o.s.security.web.FilterChainProxy - Securing POST /auth/login
2025-07-29 14:20:13 [http-nio-8080-exec-2] DEBUG o.s.s.w.a.AnonymousAuthenticationFilter - Set SecurityContextHolder to anonymous SecurityContext
2025-07-29 14:20:13 [http-nio-8080-exec-2] DEBUG o.s.s.web.DefaultRedirectStrategy - Redirecting to http://localhost:8080/api/login
2025-07-29 14:20:13 [http-nio-8080-exec-3] DEBUG o.s.security.web.FilterChainProxy - Securing GET /login
2025-07-29 14:21:18 [http-nio-8080-exec-5] DEBUG o.s.security.web.FilterChainProxy - Securing GET /businesses
2025-07-29 14:21:18 [http-nio-8080-exec-5] DEBUG o.s.security.web.FilterChainProxy - Secured GET /businesses
2025-07-29 14:21:18 [http-nio-8080-exec-5] DEBUG o.s.s.w.a.AnonymousAuthenticationFilter - Set SecurityContextHolder to anonymous SecurityContext
2025-07-29 14:21:22 [http-nio-8080-exec-6] DEBUG o.s.security.web.FilterChainProxy - Securing OPTIONS /businesses/4
2025-07-29 14:21:22 [http-nio-8080-exec-7] DEBUG o.s.security.web.FilterChainProxy - Securing GET /businesses/4
2025-07-29 14:21:22 [http-nio-8080-exec-7] DEBUG o.s.security.web.FilterChainProxy - Secured GET /businesses/4
2025-07-29 14:21:22 [http-nio-8080-exec-7] DEBUG o.s.s.w.a.AnonymousAuthenticationFilter - Set SecurityContextHolder to anonymous SecurityContext
2025-07-29 14:21:22 [http-nio-8080-exec-8] DEBUG o.s.security.web.FilterChainProxy - Securing OPTIONS /queues/public/4
2025-07-29 14:21:22 [http-nio-8080-exec-9] DEBUG o.s.security.web.FilterChainProxy - Securing GET /queues/public/4
2025-07-29 14:21:22 [http-nio-8080-exec-9] DEBUG o.s.security.web.FilterChainProxy - Secured GET /queues/public/4
2025-07-29 14:21:22 [http-nio-8080-exec-9] DEBUG o.s.s.w.a.AnonymousAuthenticationFilter - Set SecurityContextHolder to anonymous SecurityContext
2025-07-29 14:21:41 [http-nio-8080-exec-10] DEBUG o.s.security.web.FilterChainProxy - Securing GET /businesses
2025-07-29 14:21:41 [http-nio-8080-exec-10] DEBUG o.s.security.web.FilterChainProxy - Secured GET /businesses
2025-07-29 14:21:41 [http-nio-8080-exec-10] DEBUG o.s.s.w.a.AnonymousAuthenticationFilter - Set SecurityContextHolder to anonymous SecurityContext
2025-07-29 14:21:52 [http-nio-8080-exec-1] DEBUG o.s.security.web.FilterChainProxy - Securing GET /businesses
2025-07-29 14:21:52 [http-nio-8080-exec-1] DEBUG o.s.security.web.FilterChainProxy - Secured GET /businesses
2025-07-29 14:21:52 [http-nio-8080-exec-1] DEBUG o.s.s.w.a.AnonymousAuthenticationFilter - Set SecurityContextHolder to anonymous SecurityContext
2025-07-29 15:31:09 [HikariPool-1 housekeeper] WARN  com.zaxxer.hikari.pool.HikariPool - HikariPool-1 - Thread starvation or clock leap detected (housekeeper delta=45m45s273ms37µs300ns).
2025-07-29 15:33:01 [http-nio-8080-exec-3] DEBUG o.s.security.web.FilterChainProxy - Securing OPTIONS /businesses
2025-07-29 15:33:01 [http-nio-8080-exec-4] DEBUG o.s.security.web.FilterChainProxy - Securing GET /businesses
2025-07-29 15:33:01 [http-nio-8080-exec-4] DEBUG o.s.security.web.FilterChainProxy - Secured GET /businesses
2025-07-29 15:33:01 [http-nio-8080-exec-4] DEBUG o.s.s.w.a.AnonymousAuthenticationFilter - Set SecurityContextHolder to anonymous SecurityContext
2025-07-29 15:39:26 [http-nio-8080-exec-6] DEBUG o.s.security.web.FilterChainProxy - Securing OPTIONS /auth/login
2025-07-29 15:39:26 [http-nio-8080-exec-7] DEBUG o.s.security.web.FilterChainProxy - Securing POST /auth/login
2025-07-29 15:39:26 [http-nio-8080-exec-7] DEBUG o.s.s.w.a.AnonymousAuthenticationFilter - Set SecurityContextHolder to anonymous SecurityContext
2025-07-29 15:39:26 [http-nio-8080-exec-7] DEBUG o.s.s.web.DefaultRedirectStrategy - Redirecting to http://localhost:8080/api/login
2025-07-29 15:39:26 [http-nio-8080-exec-7] DEBUG o.s.security.web.FilterChainProxy - Securing GET /login
2025-07-29 15:39:32 [http-nio-8080-exec-9] DEBUG o.s.security.web.FilterChainProxy - Securing OPTIONS /auth/login
2025-07-29 15:39:32 [http-nio-8080-exec-10] DEBUG o.s.security.web.FilterChainProxy - Securing POST /auth/login
2025-07-29 15:39:32 [http-nio-8080-exec-10] DEBUG o.s.s.w.a.AnonymousAuthenticationFilter - Set SecurityContextHolder to anonymous SecurityContext
2025-07-29 15:39:32 [http-nio-8080-exec-10] DEBUG o.s.s.web.DefaultRedirectStrategy - Redirecting to http://localhost:8080/api/login
2025-07-29 15:39:32 [http-nio-8080-exec-1] DEBUG o.s.security.web.FilterChainProxy - Securing GET /login
2025-07-29 15:39:48 [http-nio-8080-exec-2] DEBUG o.s.security.web.FilterChainProxy - Securing OPTIONS /auth/login
2025-07-29 15:39:48 [http-nio-8080-exec-3] DEBUG o.s.security.web.FilterChainProxy - Securing POST /auth/login
2025-07-29 15:39:48 [http-nio-8080-exec-3] DEBUG o.s.s.w.a.AnonymousAuthenticationFilter - Set SecurityContextHolder to anonymous SecurityContext
2025-07-29 15:39:48 [http-nio-8080-exec-3] DEBUG o.s.s.web.DefaultRedirectStrategy - Redirecting to http://localhost:8080/api/login
2025-07-29 15:39:48 [http-nio-8080-exec-4] DEBUG o.s.security.web.FilterChainProxy - Securing GET /login
2025-07-29 15:58:51 [SpringApplicationShutdownHook] INFO  o.s.o.j.LocalContainerEntityManagerFactoryBean - Closing JPA EntityManagerFactory for persistence unit 'default'
2025-07-29 15:58:51 [SpringApplicationShutdownHook] INFO  com.zaxxer.hikari.HikariDataSource - HikariPool-1 - Shutdown initiated...
2025-07-29 15:58:51 [SpringApplicationShutdownHook] INFO  com.zaxxer.hikari.HikariDataSource - HikariPool-1 - Shutdown completed.
2025-07-29 16:11:42 [restartedMain] INFO  s.e.n.i.c.CommonQueueBackendApplication - Starting CommonQueueBackendApplication using Java 21.0.7 with PID 30556 (C:\commonQueueProject\commonQueue\backend\target\classes started by P1366955 in C:\commonQueueProject\commonQueue\backend)
2025-07-29 16:11:42 [restartedMain] INFO  s.e.n.i.c.CommonQueueBackendApplication - No active profile set, falling back to 1 default profile: "default"
2025-07-29 16:11:42 [restartedMain] INFO  o.s.b.d.e.DevToolsPropertyDefaultsPostProcessor - Devtools property defaults active! Set 'spring.devtools.add-properties' to 'false' to disable
2025-07-29 16:11:42 [restartedMain] INFO  o.s.b.d.e.DevToolsPropertyDefaultsPostProcessor - For additional web related logging consider setting the 'logging.level.web' property to 'DEBUG'
2025-07-29 16:11:43 [restartedMain] INFO  o.s.d.r.c.RepositoryConfigurationDelegate - Bootstrapping Spring Data JPA repositories in DEFAULT mode.
2025-07-29 16:11:43 [restartedMain] INFO  o.s.d.r.c.RepositoryConfigurationDelegate - Finished Spring Data repository scanning in 103 ms. Found 7 JPA repository interfaces.
2025-07-29 16:11:44 [restartedMain] INFO  o.s.b.w.e.tomcat.TomcatWebServer - Tomcat initialized with port 8080 (http)
2025-07-29 16:11:44 [restartedMain] INFO  o.a.catalina.core.StandardService - Starting service [Tomcat]
2025-07-29 16:11:44 [restartedMain] INFO  o.a.catalina.core.StandardEngine - Starting Servlet engine: [Apache Tomcat/10.1.16]
2025-07-29 16:11:44 [restartedMain] INFO  o.a.c.c.C.[.[localhost].[/api] - Initializing Spring embedded WebApplicationContext
2025-07-29 16:11:44 [restartedMain] INFO  o.s.b.w.s.c.ServletWebServerApplicationContext - Root WebApplicationContext: initialization completed in 1731 ms
2025-07-29 16:11:44 [restartedMain] INFO  o.h.jpa.internal.util.LogHelper - HHH000204: Processing PersistenceUnitInfo [name: default]
2025-07-29 16:11:44 [restartedMain] INFO  org.hibernate.Version - HHH000412: Hibernate ORM core version 6.3.1.Final
2025-07-29 16:11:44 [restartedMain] INFO  o.h.c.i.RegionFactoryInitiator - HHH000026: Second-level cache disabled
2025-07-29 16:11:44 [restartedMain] INFO  o.s.o.j.p.SpringPersistenceUnitInfo - No LoadTimeWeaver setup: ignoring JPA class transformer
2025-07-29 16:11:44 [restartedMain] INFO  com.zaxxer.hikari.HikariDataSource - HikariPool-1 - Starting...
2025-07-29 16:11:45 [restartedMain] INFO  com.zaxxer.hikari.pool.HikariPool - HikariPool-1 - Added connection com.mysql.cj.jdbc.ConnectionImpl@397f4e8b
2025-07-29 16:11:45 [restartedMain] INFO  com.zaxxer.hikari.HikariDataSource - HikariPool-1 - Start completed.
2025-07-29 16:11:45 [restartedMain] WARN  org.hibernate.orm.deprecation - HHH90000025: MySQL8Dialect does not need to be specified explicitly using 'hibernate.dialect' (remove the property setting and it will be selected by default)
2025-07-29 16:11:45 [restartedMain] WARN  org.hibernate.orm.deprecation - HHH90000026: MySQL8Dialect has been deprecated; use org.hibernate.dialect.MySQLDialect instead
2025-07-29 16:11:46 [restartedMain] INFO  o.h.e.t.j.p.i.JtaPlatformInitiator - HHH000489: No JTA platform available (set 'hibernate.transaction.jta.platform' to enable JTA platform integration)
2025-07-29 16:11:46 [restartedMain] INFO  o.s.o.j.LocalContainerEntityManagerFactoryBean - Initialized JPA EntityManagerFactory for persistence unit 'default'
2025-07-29 16:11:46 [restartedMain] INFO  o.s.d.j.r.query.QueryEnhancerFactory - Hibernate is in classpath; If applicable, HQL parser will be used.
2025-07-29 16:11:47 [restartedMain] WARN  o.s.b.a.o.j.JpaBaseConfiguration$JpaWebConfiguration - spring.jpa.open-in-view is enabled by default. Therefore, database queries may be performed during view rendering. Explicitly configure spring.jpa.open-in-view to disable this warning
2025-07-29 16:11:47 [restartedMain] INFO  o.s.b.a.w.s.WelcomePageHandlerMapping - Adding welcome page template: index
2025-07-29 16:11:47 [restartedMain] INFO  o.s.s.web.DefaultSecurityFilterChain - Will secure any request with [org.springframework.security.web.session.DisableEncodeUrlFilter@6ff5af1b, org.springframework.security.web.context.request.async.WebAsyncManagerIntegrationFilter@419c7e63, org.springframework.security.web.context.SecurityContextHolderFilter@5e4c6e13, org.springframework.security.web.header.HeaderWriterFilter@263a818d, org.springframework.web.filter.CorsFilter@289e5326, org.springframework.security.web.authentication.logout.LogoutFilter@51a02c22, org.springframework.security.web.savedrequest.RequestCacheAwareFilter@41061141, org.springframework.security.web.servletapi.SecurityContextHolderAwareRequestFilter@36ce4ae8, org.springframework.security.web.authentication.AnonymousAuthenticationFilter@5a8b4913, org.springframework.security.web.session.SessionManagementFilter@e664a14, org.springframework.security.web.access.ExceptionTranslationFilter@4ab552e0, org.springframework.security.web.access.intercept.AuthorizationFilter@715bf39d]
2025-07-29 16:11:48 [restartedMain] INFO  o.s.b.d.a.OptionalLiveReloadServer - LiveReload server is running on port 35729
2025-07-29 16:11:48 [restartedMain] INFO  o.s.b.w.e.tomcat.TomcatWebServer - Tomcat started on port 8080 (http) with context path '/api'
2025-07-29 16:11:48 [restartedMain] INFO  s.e.n.i.c.CommonQueueBackendApplication - Started CommonQueueBackendApplication in 6.325 seconds (process running for 7.084)
2025-07-29 16:13:12 [http-nio-8080-exec-1] INFO  o.a.c.c.C.[.[localhost].[/api] - Initializing Spring DispatcherServlet 'dispatcherServlet'
2025-07-29 16:13:12 [http-nio-8080-exec-1] INFO  o.s.web.servlet.DispatcherServlet - Initializing Servlet 'dispatcherServlet'
2025-07-29 16:13:12 [http-nio-8080-exec-1] INFO  o.s.web.servlet.DispatcherServlet - Completed initialization in 0 ms
2025-07-29 16:13:12 [http-nio-8080-exec-1] DEBUG o.s.security.web.FilterChainProxy - Securing OPTIONS /auth/login
2025-07-29 16:13:12 [http-nio-8080-exec-2] DEBUG o.s.security.web.FilterChainProxy - Securing POST /auth/login
2025-07-29 16:13:12 [http-nio-8080-exec-2] DEBUG o.s.s.w.a.AnonymousAuthenticationFilter - Set SecurityContextHolder to anonymous SecurityContext
2025-07-29 16:13:12 [http-nio-8080-exec-2] WARN  o.s.w.s.h.HandlerMappingIntrospector - Cache miss for REQUEST dispatch to '/api/auth/login' (previous null). Performing MatchableHandlerMapping lookup. This is logged once only at WARN level, and every time at TRACE.
2025-07-29 16:13:12 [http-nio-8080-exec-2] DEBUG o.s.s.w.a.Http403ForbiddenEntryPoint - Pre-authenticated entry point called. Rejecting access
2025-07-29 16:13:12 [http-nio-8080-exec-2] DEBUG o.s.security.web.FilterChainProxy - Securing POST /error
2025-07-29 16:13:13 [http-nio-8080-exec-2] DEBUG o.s.s.w.a.AnonymousAuthenticationFilter - Set SecurityContextHolder to anonymous SecurityContext
2025-07-29 16:13:13 [http-nio-8080-exec-2] DEBUG o.s.s.w.a.Http403ForbiddenEntryPoint - Pre-authenticated entry point called. Rejecting access
2025-07-29 16:13:40 [http-nio-8080-exec-3] DEBUG o.s.security.web.FilterChainProxy - Securing OPTIONS /auth/login
2025-07-29 16:13:40 [http-nio-8080-exec-3] DEBUG o.s.security.web.FilterChainProxy - Securing POST /auth/login
2025-07-29 16:13:40 [http-nio-8080-exec-3] DEBUG o.s.s.w.a.AnonymousAuthenticationFilter - Set SecurityContextHolder to anonymous SecurityContext
2025-07-29 16:13:40 [http-nio-8080-exec-3] DEBUG o.s.s.w.a.Http403ForbiddenEntryPoint - Pre-authenticated entry point called. Rejecting access
2025-07-29 16:13:40 [http-nio-8080-exec-3] DEBUG o.s.security.web.FilterChainProxy - Securing POST /error
2025-07-29 16:13:40 [http-nio-8080-exec-3] DEBUG o.s.s.w.a.AnonymousAuthenticationFilter - Set SecurityContextHolder to anonymous SecurityContext
2025-07-29 16:13:40 [http-nio-8080-exec-3] DEBUG o.s.s.w.a.Http403ForbiddenEntryPoint - Pre-authenticated entry point called. Rejecting access
2025-07-29 16:15:33 [http-nio-8080-exec-5] DEBUG o.s.security.web.FilterChainProxy - Securing OPTIONS /auth/login
2025-07-29 16:15:33 [http-nio-8080-exec-6] DEBUG o.s.security.web.FilterChainProxy - Securing POST /auth/login
2025-07-29 16:15:33 [http-nio-8080-exec-6] DEBUG o.s.s.w.a.AnonymousAuthenticationFilter - Set SecurityContextHolder to anonymous SecurityContext
2025-07-29 16:15:33 [http-nio-8080-exec-6] DEBUG o.s.s.w.a.Http403ForbiddenEntryPoint - Pre-authenticated entry point called. Rejecting access
2025-07-29 16:15:33 [http-nio-8080-exec-6] DEBUG o.s.security.web.FilterChainProxy - Securing POST /error
2025-07-29 16:15:33 [http-nio-8080-exec-6] DEBUG o.s.s.w.a.AnonymousAuthenticationFilter - Set SecurityContextHolder to anonymous SecurityContext
2025-07-29 16:15:33 [http-nio-8080-exec-6] DEBUG o.s.s.w.a.Http403ForbiddenEntryPoint - Pre-authenticated entry point called. Rejecting access
2025-07-29 16:17:20 [http-nio-8080-exec-8] DEBUG o.s.security.web.FilterChainProxy - Securing OPTIONS /businesses
2025-07-29 16:17:20 [http-nio-8080-exec-9] DEBUG o.s.security.web.FilterChainProxy - Securing GET /businesses
2025-07-29 16:17:20 [http-nio-8080-exec-9] DEBUG o.s.s.w.a.AnonymousAuthenticationFilter - Set SecurityContextHolder to anonymous SecurityContext
2025-07-29 16:17:20 [http-nio-8080-exec-9] DEBUG o.s.s.w.a.Http403ForbiddenEntryPoint - Pre-authenticated entry point called. Rejecting access
2025-07-29 16:17:20 [http-nio-8080-exec-9] DEBUG o.s.security.web.FilterChainProxy - Securing GET /error
2025-07-29 16:17:20 [http-nio-8080-exec-9] DEBUG o.s.s.w.a.AnonymousAuthenticationFilter - Set SecurityContextHolder to anonymous SecurityContext
2025-07-29 16:17:20 [http-nio-8080-exec-9] DEBUG o.s.s.w.a.Http403ForbiddenEntryPoint - Pre-authenticated entry point called. Rejecting access
2025-07-29 17:17:24 [HikariPool-1 housekeeper] WARN  com.zaxxer.hikari.pool.HikariPool - HikariPool-1 - Thread starvation or clock leap detected (housekeeper delta=55m7s561ms847µs300ns).
2025-07-29 17:19:16 [SpringApplicationShutdownHook] INFO  o.s.o.j.LocalContainerEntityManagerFactoryBean - Closing JPA EntityManagerFactory for persistence unit 'default'
2025-07-29 17:19:16 [SpringApplicationShutdownHook] INFO  com.zaxxer.hikari.HikariDataSource - HikariPool-1 - Shutdown initiated...
2025-07-29 17:19:16 [SpringApplicationShutdownHook] INFO  com.zaxxer.hikari.HikariDataSource - HikariPool-1 - Shutdown completed.
2025-07-29 17:19:33 [restartedMain] INFO  s.e.n.i.c.CommonQueueBackendApplication - Starting CommonQueueBackendApplication using Java 21.0.7 with PID 14644 (C:\commonQueueProject\commonQueue\backend\target\classes started by P1366955 in C:\commonQueueProject\commonQueue\backend)
2025-07-29 17:19:33 [restartedMain] INFO  s.e.n.i.c.CommonQueueBackendApplication - No active profile set, falling back to 1 default profile: "default"
2025-07-29 17:19:34 [restartedMain] INFO  o.s.b.d.e.DevToolsPropertyDefaultsPostProcessor - Devtools property defaults active! Set 'spring.devtools.add-properties' to 'false' to disable
2025-07-29 17:19:34 [restartedMain] INFO  o.s.b.d.e.DevToolsPropertyDefaultsPostProcessor - For additional web related logging consider setting the 'logging.level.web' property to 'DEBUG'
2025-07-29 17:19:34 [restartedMain] INFO  o.s.d.r.c.RepositoryConfigurationDelegate - Bootstrapping Spring Data JPA repositories in DEFAULT mode.
2025-07-29 17:19:35 [restartedMain] INFO  o.s.d.r.c.RepositoryConfigurationDelegate - Finished Spring Data repository scanning in 107 ms. Found 7 JPA repository interfaces.
2025-07-29 17:19:36 [restartedMain] INFO  o.s.b.w.e.tomcat.TomcatWebServer - Tomcat initialized with port 8080 (http)
2025-07-29 17:19:36 [restartedMain] INFO  o.a.catalina.core.StandardService - Starting service [Tomcat]
2025-07-29 17:19:36 [restartedMain] INFO  o.a.catalina.core.StandardEngine - Starting Servlet engine: [Apache Tomcat/10.1.16]
2025-07-29 17:19:36 [restartedMain] INFO  o.a.c.c.C.[.[localhost].[/api] - Initializing Spring embedded WebApplicationContext
2025-07-29 17:19:36 [restartedMain] INFO  o.s.b.w.s.c.ServletWebServerApplicationContext - Root WebApplicationContext: initialization completed in 2105 ms
2025-07-29 17:19:36 [restartedMain] INFO  o.h.jpa.internal.util.LogHelper - HHH000204: Processing PersistenceUnitInfo [name: default]
2025-07-29 17:19:36 [restartedMain] INFO  org.hibernate.Version - HHH000412: Hibernate ORM core version 6.3.1.Final
2025-07-29 17:19:36 [restartedMain] INFO  o.h.c.i.RegionFactoryInitiator - HHH000026: Second-level cache disabled
2025-07-29 17:19:36 [restartedMain] INFO  o.s.o.j.p.SpringPersistenceUnitInfo - No LoadTimeWeaver setup: ignoring JPA class transformer
2025-07-29 17:19:36 [restartedMain] INFO  com.zaxxer.hikari.HikariDataSource - HikariPool-1 - Starting...
2025-07-29 17:19:37 [restartedMain] INFO  com.zaxxer.hikari.pool.HikariPool - HikariPool-1 - Added connection com.mysql.cj.jdbc.ConnectionImpl@14f2e0f6
2025-07-29 17:19:37 [restartedMain] INFO  com.zaxxer.hikari.HikariDataSource - HikariPool-1 - Start completed.
2025-07-29 17:19:37 [restartedMain] WARN  org.hibernate.orm.deprecation - HHH90000025: MySQL8Dialect does not need to be specified explicitly using 'hibernate.dialect' (remove the property setting and it will be selected by default)
2025-07-29 17:19:37 [restartedMain] WARN  org.hibernate.orm.deprecation - HHH90000026: MySQL8Dialect has been deprecated; use org.hibernate.dialect.MySQLDialect instead
2025-07-29 17:19:38 [restartedMain] INFO  o.h.e.t.j.p.i.JtaPlatformInitiator - HHH000489: No JTA platform available (set 'hibernate.transaction.jta.platform' to enable JTA platform integration)
2025-07-29 17:19:38 [restartedMain] INFO  o.s.o.j.LocalContainerEntityManagerFactoryBean - Initialized JPA EntityManagerFactory for persistence unit 'default'
2025-07-29 17:19:39 [restartedMain] INFO  o.s.d.j.r.query.QueryEnhancerFactory - Hibernate is in classpath; If applicable, HQL parser will be used.
2025-07-29 17:19:40 [restartedMain] WARN  o.s.b.a.o.j.JpaBaseConfiguration$JpaWebConfiguration - spring.jpa.open-in-view is enabled by default. Therefore, database queries may be performed during view rendering. Explicitly configure spring.jpa.open-in-view to disable this warning
2025-07-29 17:19:40 [restartedMain] INFO  o.s.s.web.DefaultSecurityFilterChain - Will secure any request with [org.springframework.security.web.session.DisableEncodeUrlFilter@3cad8ada, org.springframework.security.web.context.request.async.WebAsyncManagerIntegrationFilter@6d13f27, org.springframework.security.web.context.SecurityContextHolderFilter@75e12c34, org.springframework.security.web.header.HeaderWriterFilter@6a16a5e0, org.springframework.web.filter.CorsFilter@4914ff4b, org.springframework.security.web.authentication.logout.LogoutFilter@d914853, org.springframework.security.web.savedrequest.RequestCacheAwareFilter@1df70b88, org.springframework.security.web.servletapi.SecurityContextHolderAwareRequestFilter@6c70400, org.springframework.security.web.authentication.AnonymousAuthenticationFilter@237e2775, org.springframework.security.web.session.SessionManagementFilter@5f98f682, org.springframework.security.web.access.ExceptionTranslationFilter@2bd1df36, org.springframework.security.web.access.intercept.AuthorizationFilter@2e62848c]
2025-07-29 17:19:40 [restartedMain] INFO  o.s.b.a.w.s.WelcomePageHandlerMapping - Adding welcome page template: index
2025-07-29 17:19:41 [restartedMain] INFO  o.s.b.d.a.OptionalLiveReloadServer - LiveReload server is running on port 35729
2025-07-29 17:19:41 [restartedMain] INFO  o.s.b.w.e.tomcat.TomcatWebServer - Tomcat started on port 8080 (http) with context path '/api'
2025-07-29 17:19:41 [restartedMain] INFO  s.e.n.i.c.CommonQueueBackendApplication - Started CommonQueueBackendApplication in 8.175 seconds (process running for 8.903)
2025-07-29 17:19:50 [http-nio-8080-exec-1] INFO  o.a.c.c.C.[.[localhost].[/api] - Initializing Spring DispatcherServlet 'dispatcherServlet'
2025-07-29 17:19:50 [http-nio-8080-exec-1] INFO  o.s.web.servlet.DispatcherServlet - Initializing Servlet 'dispatcherServlet'
2025-07-29 17:19:50 [http-nio-8080-exec-1] INFO  o.s.web.servlet.DispatcherServlet - Completed initialization in 2 ms
2025-07-29 17:19:50 [http-nio-8080-exec-1] DEBUG o.s.security.web.FilterChainProxy - Securing OPTIONS /businesses
2025-07-29 17:19:50 [http-nio-8080-exec-2] DEBUG o.s.security.web.FilterChainProxy - Securing GET /businesses
2025-07-29 17:19:50 [http-nio-8080-exec-2] DEBUG o.s.s.w.a.AnonymousAuthenticationFilter - Set SecurityContextHolder to anonymous SecurityContext
2025-07-29 17:19:50 [http-nio-8080-exec-2] DEBUG o.s.security.web.FilterChainProxy - Secured GET /businesses
2025-07-29 17:19:54 [http-nio-8080-exec-3] DEBUG o.s.security.web.FilterChainProxy - Securing OPTIONS /auth/login
2025-07-29 17:19:54 [http-nio-8080-exec-6] DEBUG o.s.security.web.FilterChainProxy - Securing POST /auth/login
2025-07-29 17:19:54 [http-nio-8080-exec-6] DEBUG o.s.s.w.a.AnonymousAuthenticationFilter - Set SecurityContextHolder to anonymous SecurityContext
2025-07-29 17:19:54 [http-nio-8080-exec-6] DEBUG o.s.security.web.FilterChainProxy - Secured POST /auth/login
2025-07-29 17:19:54 [http-nio-8080-exec-6] DEBUG o.s.security.web.FilterChainProxy - Securing POST /error
2025-07-29 17:19:54 [http-nio-8080-exec-6] DEBUG o.s.security.web.FilterChainProxy - Secured POST /error
2025-07-29 17:19:54 [http-nio-8080-exec-6] DEBUG o.s.s.w.a.AnonymousAuthenticationFilter - Set SecurityContextHolder to anonymous SecurityContext
2025-07-29 17:25:11 [http-nio-8080-exec-4] DEBUG o.s.security.web.FilterChainProxy - Securing OPTIONS /businesses
2025-07-29 17:25:11 [http-nio-8080-exec-7] DEBUG o.s.security.web.FilterChainProxy - Securing GET /businesses
2025-07-29 17:25:11 [http-nio-8080-exec-7] DEBUG o.s.s.w.a.AnonymousAuthenticationFilter - Set SecurityContextHolder to anonymous SecurityContext
2025-07-29 17:25:11 [http-nio-8080-exec-7] DEBUG o.s.security.web.FilterChainProxy - Secured GET /businesses
2025-07-29 17:25:14 [http-nio-8080-exec-8] DEBUG o.s.security.web.FilterChainProxy - Securing OPTIONS /auth/business/login
2025-07-29 17:25:14 [http-nio-8080-exec-9] DEBUG o.s.security.web.FilterChainProxy - Securing POST /auth/business/login
2025-07-29 17:25:14 [http-nio-8080-exec-9] DEBUG o.s.s.w.a.AnonymousAuthenticationFilter - Set SecurityContextHolder to anonymous SecurityContext
2025-07-29 17:25:14 [http-nio-8080-exec-9] DEBUG o.s.security.web.FilterChainProxy - Secured POST /auth/business/login
2025-07-29 17:25:14 [http-nio-8080-exec-9] DEBUG o.s.s.a.d.DaoAuthenticationProvider - Authenticated user
2025-07-29 17:25:14 [http-nio-8080-exec-10] DEBUG o.s.security.web.FilterChainProxy - Securing OPTIONS /queues/business/1
2025-07-29 17:25:14 [http-nio-8080-exec-1] DEBUG o.s.security.web.FilterChainProxy - Securing GET /queues/business/1
2025-07-29 17:25:14 [http-nio-8080-exec-1] DEBUG o.s.s.w.a.AnonymousAuthenticationFilter - Set SecurityContextHolder to anonymous SecurityContext
2025-07-29 17:25:14 [http-nio-8080-exec-1] DEBUG o.s.security.web.FilterChainProxy - Secured GET /queues/business/1
2025-07-29 17:25:31 [http-nio-8080-exec-2] DEBUG o.s.security.web.FilterChainProxy - Securing OPTIONS /businesses
2025-07-29 17:25:31 [http-nio-8080-exec-3] DEBUG o.s.security.web.FilterChainProxy - Securing GET /businesses
2025-07-29 17:25:31 [http-nio-8080-exec-3] DEBUG o.s.s.w.a.AnonymousAuthenticationFilter - Set SecurityContextHolder to anonymous SecurityContext
2025-07-29 17:25:31 [http-nio-8080-exec-3] DEBUG o.s.security.web.FilterChainProxy - Secured GET /businesses
